2022-07-19 22:36:31,387 [Worker-6: Loading available Gradle versions] INFO  o.e.b.c.i.u.g.PublishedGradleVersions - Gradle version information cache is up-to-date. Trying to read.
2022-07-19 22:45:54,521 [Worker-7: Creating project "MavenProje"] INFO  o.e.m.c.i.l.LifecycleMappingFactory - Using org.eclipse.m2e.jdt.JarLifecycleMapping lifecycle mapping for MavenProject: MavenProje:MavenProje:1.0 @ C:\mavenn\MavenProje\pom.xml.
2022-07-19 22:45:55,674 [Worker-7: Creating project "MavenProje"] INFO  o.e.m.j.i.AbstractJavaProjectConfigurator - Adding source folder /MavenProje/src/main/java
2022-07-19 22:45:55,677 [Worker-7: Creating project "MavenProje"] INFO  o.e.m.j.i.AbstractJavaProjectConfigurator - Adding resource folder /MavenProje/src/main/resources
2022-07-19 22:45:55,678 [Worker-7: Creating project "MavenProje"] INFO  o.e.m.j.i.AbstractJavaProjectConfigurator - Adding source folder /MavenProje/src/test/java
2022-07-19 22:45:55,679 [Worker-7: Creating project "MavenProje"] INFO  o.e.m.j.i.AbstractJavaProjectConfigurator - Adding resource folder /MavenProje/src/test/resources
2022-07-19 22:45:57,804 [Worker-11: Building] WARN  o.e.m.c.i.embedder.EclipseLogger - Using platform encoding (Cp1254 actually) to copy filtered resources, i.e. build is platform dependent!
2022-07-19 22:45:57,814 [Worker-11: Building] INFO  o.e.m.c.i.embedder.EclipseLogger - Copying 0 resource
2022-07-19 22:45:57,816 [Worker-11: Building] WARN  o.e.m.c.i.embedder.EclipseLogger - Using platform encoding (Cp1254 actually) to copy filtered resources, i.e. build is platform dependent!
2022-07-19 22:45:57,818 [Worker-11: Building] INFO  o.e.m.c.i.embedder.EclipseLogger - Copying 0 resource
2022-07-19 22:56:30,203 [Worker-20: Building] INFO  o.e.m.c.i.l.LifecycleMappingFactory - Using org.eclipse.m2e.jdt.JarLifecycleMapping lifecycle mapping for MavenProject: MavenProje:MavenProje:1.0 @ C:\mavenn\MavenProje\pom.xml.
2022-07-19 22:56:30,437 [Worker-20: Building] WARN  o.e.m.c.i.embedder.EclipseLogger - Using platform encoding (Cp1254 actually) to copy filtered resources, i.e. build is platform dependent!
2022-07-19 22:56:30,457 [Worker-20: Building] INFO  o.e.m.c.i.embedder.EclipseLogger - Copying 0 resource
2022-07-19 22:56:30,460 [Worker-20: Building] WARN  o.e.m.c.i.embedder.EclipseLogger - Using platform encoding (Cp1254 actually) to copy filtered resources, i.e. build is platform dependent!
2022-07-19 22:56:30,462 [Worker-20: Building] INFO  o.e.m.c.i.embedder.EclipseLogger - Copying 0 resource
2022-07-19 22:56:48,927 [Worker-15: Updating Maven Project] INFO  o.e.m.c.i.p.ProjectConfigurationManager - Update started
2022-07-19 22:56:49,429 [Worker-15: Updating Maven Project] INFO  o.e.m.c.i.l.LifecycleMappingFactory - Using org.eclipse.m2e.jdt.JarLifecycleMapping lifecycle mapping for MavenProject: MavenProje:MavenProje:1.0 @ C:\mavenn\MavenProje\pom.xml.
2022-07-19 22:56:49,585 [Worker-15: Updating Maven Project] INFO  o.e.m.j.i.AbstractJavaProjectConfigurator - Adding source folder /MavenProje/src/main/java
2022-07-19 22:56:49,586 [Worker-15: Updating Maven Project] INFO  o.e.m.j.i.AbstractJavaProjectConfigurator - Adding resource folder /MavenProje/src/main/resources
2022-07-19 22:56:49,587 [Worker-15: Updating Maven Project] INFO  o.e.m.j.i.AbstractJavaProjectConfigurator - Adding source folder /MavenProje/src/test/java
2022-07-19 22:56:49,588 [Worker-15: Updating Maven Project] INFO  o.e.m.j.i.AbstractJavaProjectConfigurator - Adding resource folder /MavenProje/src/test/resources
2022-07-19 22:56:49,786 [Worker-15: Updating Maven Project] INFO  o.e.m.c.i.p.ProjectConfigurationManager - Update completed: 0 sec
2022-07-19 22:56:49,921 [Worker-21: Building] WARN  o.e.m.c.i.embedder.EclipseLogger - Using platform encoding (Cp1254 actually) to copy filtered resources, i.e. build is platform dependent!
2022-07-19 22:56:49,924 [Worker-21: Building] INFO  o.e.m.c.i.embedder.EclipseLogger - Copying 0 resource
2022-07-19 22:56:49,926 [Worker-21: Building] WARN  o.e.m.c.i.embedder.EclipseLogger - Using platform encoding (Cp1254 actually) to copy filtered resources, i.e. build is platform dependent!
2022-07-19 22:56:49,928 [Worker-21: Building] INFO  o.e.m.c.i.embedder.EclipseLogger - Copying 0 resource
2022-07-19 22:59:15,406 [Worker-20: Building] ERROR o.e.m.c.i.p.r.ProjectRegistryManager - Could not read pom.xml
org.eclipse.core.runtime.CoreException: Could not read pom.xml
	at org.eclipse.m2e.core.internal.embedder.MavenImpl.readModel(MavenImpl.java:579)
	at org.eclipse.m2e.core.internal.project.registry.ProjectRegistryManager.refreshPhase2(ProjectRegistryManager.java:547)
	at org.eclipse.m2e.core.internal.project.registry.ProjectRegistryManager.refresh(ProjectRegistryManager.java:503)
	at org.eclipse.m2e.core.internal.project.registry.ProjectRegistryManager.refresh(ProjectRegistryManager.java:349)
	at org.eclipse.m2e.core.internal.project.registry.ProjectRegistryManager.refresh(ProjectRegistryManager.java:303)
	at org.eclipse.m2e.core.internal.builder.MavenBuilder$BuildMethod.getProjectFacade(MavenBuilder.java:151)
	at org.eclipse.m2e.core.internal.builder.MavenBuilder$BuildMethod.lambda$0(MavenBuilder.java:89)
	at org.eclipse.m2e.core.internal.embedder.MavenExecutionContext.executeBare(MavenExecutionContext.java:182)
	at org.eclipse.m2e.core.internal.embedder.MavenExecutionContext.execute(MavenExecutionContext.java:156)
	at org.eclipse.m2e.core.internal.embedder.MavenExecutionContext.execute(MavenExecutionContext.java:103)
	at org.eclipse.m2e.core.internal.builder.MavenBuilder$BuildMethod.execute(MavenBuilder.java:88)
	at org.eclipse.m2e.core.internal.builder.MavenBuilder.build(MavenBuilder.java:198)
	at org.eclipse.core.internal.events.BuildManager$2.run(BuildManager.java:860)
	at org.eclipse.core.runtime.SafeRunner.run(SafeRunner.java:45)
	at org.eclipse.core.internal.events.BuildManager.basicBuild(BuildManager.java:232)
	at org.eclipse.core.internal.events.BuildManager.basicBuild(BuildManager.java:281)
	at org.eclipse.core.internal.events.BuildManager$1.run(BuildManager.java:334)
	at org.eclipse.core.runtime.SafeRunner.run(SafeRunner.java:45)
	at org.eclipse.core.internal.events.BuildManager.basicBuild(BuildManager.java:337)
	at org.eclipse.core.internal.events.BuildManager.basicBuildLoop(BuildManager.java:392)
	at org.eclipse.core.internal.events.BuildManager.build(BuildManager.java:417)
	at org.eclipse.core.internal.events.AutoBuildJob.doBuild(AutoBuildJob.java:161)
	at org.eclipse.core.internal.events.AutoBuildJob.run(AutoBuildJob.java:255)
	at org.eclipse.core.internal.jobs.Worker.run(Worker.java:63)
Caused by: org.apache.maven.model.io.ModelParseException: unexpected character in markup \r (position: START_TAG seen ...<dependency>\r\n          <\r... @25:13) 
	at org.apache.maven.model.io.DefaultModelReader.read(DefaultModelReader.java:117)
	at org.apache.maven.model.io.DefaultModelReader.read(DefaultModelReader.java:85)
	at org.eclipse.m2e.core.internal.embedder.MavenImpl.readModel(MavenImpl.java:577)
	... 23 common frames omitted
Caused by: org.codehaus.plexus.util.xml.pull.XmlPullParserException: unexpected character in markup \r (position: START_TAG seen ...<dependency>\r\n          <\r... @25:13) 
	at org.codehaus.plexus.util.xml.pull.MXParser.nextImpl(MXParser.java:1525)
	at org.codehaus.plexus.util.xml.pull.MXParser.next(MXParser.java:1319)
	at org.codehaus.plexus.util.xml.pull.MXParser.nextTag(MXParser.java:1302)
	at org.apache.maven.model.io.xpp3.MavenXpp3Reader.parseDependency(MavenXpp3Reader.java:1350)
	at org.apache.maven.model.io.xpp3.MavenXpp3Reader.parseModel(MavenXpp3Reader.java:2239)
	at org.apache.maven.model.io.xpp3.MavenXpp3Reader.read(MavenXpp3Reader.java:3872)
	at org.apache.maven.model.io.xpp3.MavenXpp3Reader.read(MavenXpp3Reader.java:595)
	at org.apache.maven.model.io.DefaultModelReader.read(DefaultModelReader.java:112)
	... 25 common frames omitted
2022-07-19 23:02:38,275 [Worker-24: Building] INFO  o.e.m.c.i.l.LifecycleMappingFactory - Using org.eclipse.m2e.jdt.JarLifecycleMapping lifecycle mapping for MavenProject: MavenProje:MavenProje:1.0 @ C:\mavenn\MavenProje\pom.xml.
2022-07-19 23:02:38,495 [Worker-24: Building] WARN  o.e.m.c.i.embedder.EclipseLogger - Using platform encoding (Cp1254 actually) to copy filtered resources, i.e. build is platform dependent!
2022-07-19 23:02:38,499 [Worker-24: Building] INFO  o.e.m.c.i.embedder.EclipseLogger - Copying 0 resource
2022-07-19 23:02:38,502 [Worker-24: Building] WARN  o.e.m.c.i.embedder.EclipseLogger - Using platform encoding (Cp1254 actually) to copy filtered resources, i.e. build is platform dependent!
2022-07-19 23:02:38,504 [Worker-24: Building] INFO  o.e.m.c.i.embedder.EclipseLogger - Copying 0 resource
2022-07-19 23:03:01,881 [Worker-11: Building] INFO  o.e.m.c.i.l.LifecycleMappingFactory - Using org.eclipse.m2e.jdt.JarLifecycleMapping lifecycle mapping for MavenProject: MavenProje:MavenProje:1.0 @ C:\mavenn\MavenProje\pom.xml.
2022-07-19 23:03:02,152 [Worker-11: Building] WARN  o.e.m.c.i.embedder.EclipseLogger - Using platform encoding (Cp1254 actually) to copy filtered resources, i.e. build is platform dependent!
2022-07-19 23:03:02,156 [Worker-11: Building] INFO  o.e.m.c.i.embedder.EclipseLogger - Copying 0 resource
2022-07-19 23:03:02,159 [Worker-11: Building] WARN  o.e.m.c.i.embedder.EclipseLogger - Using platform encoding (Cp1254 actually) to copy filtered resources, i.e. build is platform dependent!
2022-07-19 23:03:02,161 [Worker-11: Building] INFO  o.e.m.c.i.embedder.EclipseLogger - Copying 0 resource
2022-07-19 23:04:31,241 [Worker-26: Building] INFO  o.e.m.c.i.l.LifecycleMappingFactory - Using org.eclipse.m2e.jdt.JarLifecycleMapping lifecycle mapping for MavenProject: MavenProje:MavenProje:1.0 @ C:\mavenn\MavenProje\pom.xml.
2022-07-19 23:04:35,319 [Worker-26: Building] WARN  o.e.m.c.i.embedder.EclipseLogger - Using platform encoding (Cp1254 actually) to copy filtered resources, i.e. build is platform dependent!
2022-07-19 23:04:35,323 [Worker-26: Building] INFO  o.e.m.c.i.embedder.EclipseLogger - Copying 0 resource
2022-07-19 23:04:35,325 [Worker-26: Building] WARN  o.e.m.c.i.embedder.EclipseLogger - Using platform encoding (Cp1254 actually) to copy filtered resources, i.e. build is platform dependent!
2022-07-19 23:04:35,326 [Worker-26: Building] INFO  o.e.m.c.i.embedder.EclipseLogger - Copying 0 resource
2022-07-19 23:04:48,847 [Worker-27: Building] INFO  o.e.m.c.i.l.LifecycleMappingFactory - Using org.eclipse.m2e.jdt.JarLifecycleMapping lifecycle mapping for MavenProject: MavenProje:MavenProje:1.0 @ C:\mavenn\MavenProje\pom.xml.
2022-07-19 23:04:49,417 [Worker-27: Building] WARN  o.e.m.c.i.embedder.EclipseLogger - Using platform encoding (Cp1254 actually) to copy filtered resources, i.e. build is platform dependent!
2022-07-19 23:04:49,421 [Worker-27: Building] INFO  o.e.m.c.i.embedder.EclipseLogger - Copying 0 resource
2022-07-19 23:04:49,424 [Worker-27: Building] WARN  o.e.m.c.i.embedder.EclipseLogger - Using platform encoding (Cp1254 actually) to copy filtered resources, i.e. build is platform dependent!
2022-07-19 23:04:49,425 [Worker-27: Building] INFO  o.e.m.c.i.embedder.EclipseLogger - Copying 0 resource
2022-07-19 23:06:19,568 [Worker-24: Building] WARN  o.e.m.c.i.embedder.EclipseLogger - Using platform encoding (Cp1254 actually) to copy filtered resources, i.e. build is platform dependent!
2022-07-19 23:06:19,573 [Worker-24: Building] INFO  o.e.m.c.i.embedder.EclipseLogger - Copying 1 resource
2022-07-19 23:06:19,603 [Worker-24: Building] WARN  o.e.m.c.i.embedder.EclipseLogger - Using platform encoding (Cp1254 actually) to copy filtered resources, i.e. build is platform dependent!
2022-07-19 23:06:19,607 [Worker-24: Building] INFO  o.e.m.c.i.embedder.EclipseLogger - Copying 0 resource
2022-07-19 23:11:34,950 [Worker-24: Building] WARN  o.e.m.c.i.embedder.EclipseLogger - Using platform encoding (Cp1254 actually) to copy filtered resources, i.e. build is platform dependent!
2022-07-19 23:11:34,953 [Worker-24: Building] INFO  o.e.m.c.i.embedder.EclipseLogger - Copying 0 resource
2022-07-19 23:11:34,956 [Worker-24: Building] WARN  o.e.m.c.i.embedder.EclipseLogger - Using platform encoding (Cp1254 actually) to copy filtered resources, i.e. build is platform dependent!
2022-07-19 23:11:34,991 [Worker-24: Building] INFO  o.e.m.c.i.embedder.EclipseLogger - Copying 0 resource
2022-07-19 23:12:19,098 [Worker-26: Building] WARN  o.e.m.c.i.embedder.EclipseLogger - Using platform encoding (Cp1254 actually) to copy filtered resources, i.e. build is platform dependent!
2022-07-19 23:12:19,100 [Worker-26: Building] INFO  o.e.m.c.i.embedder.EclipseLogger - Copying 0 resource
2022-07-19 23:12:19,104 [Worker-26: Building] WARN  o.e.m.c.i.embedder.EclipseLogger - Using platform encoding (Cp1254 actually) to copy filtered resources, i.e. build is platform dependent!
2022-07-19 23:12:19,106 [Worker-26: Building] INFO  o.e.m.c.i.embedder.EclipseLogger - Copying 0 resource
2022-07-19 23:12:20,152 [Worker-24: Building] WARN  o.e.m.c.i.embedder.EclipseLogger - Using platform encoding (Cp1254 actually) to copy filtered resources, i.e. build is platform dependent!
2022-07-19 23:12:20,155 [Worker-24: Building] INFO  o.e.m.c.i.embedder.EclipseLogger - Copying 0 resource
2022-07-19 23:12:20,156 [Worker-24: Building] WARN  o.e.m.c.i.embedder.EclipseLogger - Using platform encoding (Cp1254 actually) to copy filtered resources, i.e. build is platform dependent!
2022-07-19 23:12:20,159 [Worker-24: Building] INFO  o.e.m.c.i.embedder.EclipseLogger - Copying 0 resource
2022-07-19 23:12:58,114 [Worker-29: Building] WARN  o.e.m.c.i.embedder.EclipseLogger - Using platform encoding (Cp1254 actually) to copy filtered resources, i.e. build is platform dependent!
2022-07-19 23:12:58,116 [Worker-29: Building] INFO  o.e.m.c.i.embedder.EclipseLogger - Copying 1 resource
2022-07-19 23:12:58,121 [Worker-29: Building] WARN  o.e.m.c.i.embedder.EclipseLogger - Using platform encoding (Cp1254 actually) to copy filtered resources, i.e. build is platform dependent!
2022-07-19 23:12:58,124 [Worker-29: Building] INFO  o.e.m.c.i.embedder.EclipseLogger - Copying 0 resource
2022-07-19 23:14:03,499 [Worker-29: Building] INFO  o.e.m.c.i.l.LifecycleMappingFactory - Using org.eclipse.m2e.jdt.JarLifecycleMapping lifecycle mapping for MavenProject: MavenProje:MavenProje:1.0 @ C:\mavenn\MavenProje\pom.xml.
2022-07-19 23:14:03,748 [Worker-29: Building] WARN  o.e.m.c.i.embedder.EclipseLogger - The POM for log4j:log4j:jar:2.18.0 is missing, no dependency information available
2022-07-19 23:14:04,351 [Worker-29: Building] WARN  o.e.m.c.i.embedder.EclipseLogger - Using platform encoding (Cp1254 actually) to copy filtered resources, i.e. build is platform dependent!
2022-07-19 23:14:04,355 [Worker-29: Building] INFO  o.e.m.c.i.embedder.EclipseLogger - Copying 0 resource
2022-07-19 23:14:04,357 [Worker-29: Building] WARN  o.e.m.c.i.embedder.EclipseLogger - Using platform encoding (Cp1254 actually) to copy filtered resources, i.e. build is platform dependent!
2022-07-19 23:14:04,359 [Worker-29: Building] INFO  o.e.m.c.i.embedder.EclipseLogger - Copying 0 resource
2022-07-19 23:14:05,347 [Worker-30: Download sources and javadoc] WARN  o.e.m.c.i.embedder.EclipseLogger - The POM for log4j:log4j:jar:2.18.0 is missing, no dependency information available
2022-07-19 23:14:06,031 [Worker-30: Download sources and javadoc] INFO  o.e.m.c.i.e.AbstractTransferListenerAdapter - Downloaded https://repo.maven.apache.org/maven2/log4j/log4j/2.18.0/log4j-2.18.0-sources.jar
2022-07-19 23:14:06,045 [Worker-30: Download sources and javadoc] ERROR o.e.m.j.internal.DownloadSourcesJob - Could not download sources for log4j:log4j:2.18.0
org.eclipse.core.runtime.CoreException: Could not resolve artifact log4j:log4j:jar:sources:2.18.0
	at org.eclipse.m2e.core.internal.embedder.MavenImpl.lambda$4(MavenImpl.java:828)
	at org.eclipse.m2e.core.internal.embedder.MavenExecutionContext.executeBare(MavenExecutionContext.java:182)
	at org.eclipse.m2e.core.internal.embedder.MavenExecutionContext.execute(MavenExecutionContext.java:117)
	at org.eclipse.m2e.core.internal.embedder.MavenExecutionContext.execute(MavenExecutionContext.java:103)
	at org.eclipse.m2e.core.internal.embedder.MavenImpl.resolve(MavenImpl.java:796)
	at org.eclipse.m2e.core.internal.embedder.MavenImpl.resolve(MavenImpl.java:773)
	at org.eclipse.m2e.jdt.internal.DownloadSourcesJob.download(DownloadSourcesJob.java:311)
	at org.eclipse.m2e.jdt.internal.DownloadSourcesJob.downloadAttachments(DownloadSourcesJob.java:285)
	at org.eclipse.m2e.jdt.internal.DownloadSourcesJob.downloadMaven(DownloadSourcesJob.java:255)
	at org.eclipse.m2e.jdt.internal.DownloadSourcesJob.downloadFilesAndPopulateToUpdate(DownloadSourcesJob.java:223)
	at org.eclipse.m2e.jdt.internal.DownloadSourcesJob.lambda$0(DownloadSourcesJob.java:152)
	at org.eclipse.m2e.core.internal.embedder.MavenExecutionContext.executeBare(MavenExecutionContext.java:182)
	at org.eclipse.m2e.core.internal.embedder.MavenExecutionContext.execute(MavenExecutionContext.java:156)
	at org.eclipse.m2e.core.internal.embedder.MavenExecutionContext.execute(MavenExecutionContext.java:103)
	at org.eclipse.m2e.core.internal.embedder.MavenImpl.execute(MavenImpl.java:1416)
	at org.eclipse.m2e.jdt.internal.DownloadSourcesJob.run(DownloadSourcesJob.java:152)
	at org.eclipse.core.internal.jobs.Worker.run(Worker.java:63)
2022-07-19 23:14:36,821 [Worker-24: Building] INFO  o.e.m.c.i.l.LifecycleMappingFactory - Using org.eclipse.m2e.jdt.JarLifecycleMapping lifecycle mapping for MavenProject: MavenProje:MavenProje:1.0 @ C:\mavenn\MavenProje\pom.xml.
2022-07-19 23:14:37,427 [Worker-24: Building] WARN  o.e.m.c.i.embedder.EclipseLogger - Using platform encoding (Cp1254 actually) to copy filtered resources, i.e. build is platform dependent!
2022-07-19 23:14:37,430 [Worker-24: Building] INFO  o.e.m.c.i.embedder.EclipseLogger - Copying 0 resource
2022-07-19 23:14:37,433 [Worker-24: Building] WARN  o.e.m.c.i.embedder.EclipseLogger - Using platform encoding (Cp1254 actually) to copy filtered resources, i.e. build is platform dependent!
2022-07-19 23:14:37,434 [Worker-24: Building] INFO  o.e.m.c.i.embedder.EclipseLogger - Copying 0 resource
2022-07-19 23:14:38,835 [Worker-28: Building] WARN  o.e.m.c.i.embedder.EclipseLogger - Using platform encoding (Cp1254 actually) to copy filtered resources, i.e. build is platform dependent!
2022-07-19 23:14:38,839 [Worker-28: Building] INFO  o.e.m.c.i.embedder.EclipseLogger - Copying 1 resource
2022-07-19 23:14:38,852 [Worker-28: Building] WARN  o.e.m.c.i.embedder.EclipseLogger - Using platform encoding (Cp1254 actually) to copy filtered resources, i.e. build is platform dependent!
2022-07-19 23:14:38,855 [Worker-28: Building] INFO  o.e.m.c.i.embedder.EclipseLogger - Copying 0 resource
2022-07-19 23:19:14,970 [Worker-28: Building] WARN  o.e.m.c.i.embedder.EclipseLogger - Using platform encoding (Cp1254 actually) to copy filtered resources, i.e. build is platform dependent!
2022-07-19 23:19:14,976 [Worker-28: Building] INFO  o.e.m.c.i.embedder.EclipseLogger - Copying 0 resource
2022-07-19 23:19:14,979 [Worker-28: Building] WARN  o.e.m.c.i.embedder.EclipseLogger - Using platform encoding (Cp1254 actually) to copy filtered resources, i.e. build is platform dependent!
2022-07-19 23:19:14,984 [Worker-28: Building] INFO  o.e.m.c.i.embedder.EclipseLogger - Copying 0 resource
2022-07-19 23:27:38,814 [Worker-35: Building] WARN  o.e.m.c.i.embedder.EclipseLogger - Using platform encoding (Cp1254 actually) to copy filtered resources, i.e. build is platform dependent!
2022-07-19 23:27:38,817 [Worker-35: Building] INFO  o.e.m.c.i.embedder.EclipseLogger - Copying 0 resource
2022-07-19 23:27:38,818 [Worker-35: Building] WARN  o.e.m.c.i.embedder.EclipseLogger - Using platform encoding (Cp1254 actually) to copy filtered resources, i.e. build is platform dependent!
2022-07-19 23:27:38,821 [Worker-35: Building] INFO  o.e.m.c.i.embedder.EclipseLogger - Copying 0 resource
2022-07-19 23:32:08,856 [Worker-34: Building] WARN  o.e.m.c.i.embedder.EclipseLogger - Using platform encoding (Cp1254 actually) to copy filtered resources, i.e. build is platform dependent!
2022-07-19 23:32:08,859 [Worker-34: Building] INFO  o.e.m.c.i.embedder.EclipseLogger - Copying 0 resource
2022-07-19 23:32:08,861 [Worker-34: Building] WARN  o.e.m.c.i.embedder.EclipseLogger - Using platform encoding (Cp1254 actually) to copy filtered resources, i.e. build is platform dependent!
2022-07-19 23:32:08,864 [Worker-34: Building] INFO  o.e.m.c.i.embedder.EclipseLogger - Copying 0 resource
2022-07-19 23:35:17,622 [Worker-35: Building] WARN  o.e.m.c.i.embedder.EclipseLogger - Using platform encoding (Cp1254 actually) to copy filtered resources, i.e. build is platform dependent!
2022-07-19 23:35:17,627 [Worker-35: Building] INFO  o.e.m.c.i.embedder.EclipseLogger - Copying 0 resource
2022-07-19 23:35:17,628 [Worker-35: Building] WARN  o.e.m.c.i.embedder.EclipseLogger - Using platform encoding (Cp1254 actually) to copy filtered resources, i.e. build is platform dependent!
2022-07-19 23:35:17,632 [Worker-35: Building] INFO  o.e.m.c.i.embedder.EclipseLogger - Copying 0 resource
2022-07-19 23:40:24,762 [Worker-38: Building] WARN  o.e.m.c.i.embedder.EclipseLogger - Using platform encoding (Cp1254 actually) to copy filtered resources, i.e. build is platform dependent!
2022-07-19 23:40:24,765 [Worker-38: Building] INFO  o.e.m.c.i.embedder.EclipseLogger - Copying 0 resource
2022-07-19 23:40:24,767 [Worker-38: Building] WARN  o.e.m.c.i.embedder.EclipseLogger - Using platform encoding (Cp1254 actually) to copy filtered resources, i.e. build is platform dependent!
2022-07-19 23:40:24,769 [Worker-38: Building] INFO  o.e.m.c.i.embedder.EclipseLogger - Copying 0 resource
2022-07-20 00:18:50,556 [Worker-34: Building] WARN  o.e.m.c.i.embedder.EclipseLogger - Using platform encoding (Cp1254 actually) to copy filtered resources, i.e. build is platform dependent!
2022-07-20 00:18:50,559 [Worker-34: Building] INFO  o.e.m.c.i.embedder.EclipseLogger - Copying 0 resource
2022-07-20 00:18:50,562 [Worker-34: Building] WARN  o.e.m.c.i.embedder.EclipseLogger - Using platform encoding (Cp1254 actually) to copy filtered resources, i.e. build is platform dependent!
2022-07-20 00:18:50,565 [Worker-34: Building] INFO  o.e.m.c.i.embedder.EclipseLogger - Copying 0 resource
2022-07-20 00:19:11,052 [Worker-34: Building] WARN  o.e.m.c.i.embedder.EclipseLogger - Using platform encoding (Cp1254 actually) to copy filtered resources, i.e. build is platform dependent!
2022-07-20 00:19:11,054 [Worker-34: Building] INFO  o.e.m.c.i.embedder.EclipseLogger - Copying 0 resource
2022-07-20 00:19:11,074 [Worker-34: Building] WARN  o.e.m.c.i.embedder.EclipseLogger - Using platform encoding (Cp1254 actually) to copy filtered resources, i.e. build is platform dependent!
2022-07-20 00:19:11,077 [Worker-34: Building] INFO  o.e.m.c.i.embedder.EclipseLogger - Copying 0 resource
2022-07-20 00:42:22,365 [Worker-34: Building] WARN  o.e.m.c.i.embedder.EclipseLogger - Using platform encoding (Cp1254 actually) to copy filtered resources, i.e. build is platform dependent!
2022-07-20 00:42:22,368 [Worker-34: Building] INFO  o.e.m.c.i.embedder.EclipseLogger - Copying 0 resource
2022-07-20 00:42:22,371 [Worker-34: Building] WARN  o.e.m.c.i.embedder.EclipseLogger - Using platform encoding (Cp1254 actually) to copy filtered resources, i.e. build is platform dependent!
2022-07-20 00:42:22,374 [Worker-34: Building] INFO  o.e.m.c.i.embedder.EclipseLogger - Copying 0 resource
2022-07-20 00:45:56,703 [Worker-42: Building] WARN  o.e.m.c.i.embedder.EclipseLogger - Using platform encoding (Cp1254 actually) to copy filtered resources, i.e. build is platform dependent!
2022-07-20 00:45:56,706 [Worker-42: Building] INFO  o.e.m.c.i.embedder.EclipseLogger - Copying 0 resource
2022-07-20 00:45:56,707 [Worker-42: Building] WARN  o.e.m.c.i.embedder.EclipseLogger - Using platform encoding (Cp1254 actually) to copy filtered resources, i.e. build is platform dependent!
2022-07-20 00:45:56,709 [Worker-42: Building] INFO  o.e.m.c.i.embedder.EclipseLogger - Copying 0 resource
2022-07-20 00:53:14,520 [Worker-44: Building] WARN  o.e.m.c.i.embedder.EclipseLogger - Using platform encoding (Cp1254 actually) to copy filtered resources, i.e. build is platform dependent!
2022-07-20 00:53:14,523 [Worker-44: Building] INFO  o.e.m.c.i.embedder.EclipseLogger - Copying 0 resource
2022-07-20 00:53:14,525 [Worker-44: Building] WARN  o.e.m.c.i.embedder.EclipseLogger - Using platform encoding (Cp1254 actually) to copy filtered resources, i.e. build is platform dependent!
2022-07-20 00:53:14,528 [Worker-44: Building] INFO  o.e.m.c.i.embedder.EclipseLogger - Copying 0 resource
2022-07-20 00:59:25,117 [Worker-44: Building] WARN  o.e.m.c.i.embedder.EclipseLogger - Using platform encoding (Cp1254 actually) to copy filtered resources, i.e. build is platform dependent!
2022-07-20 00:59:25,142 [Worker-44: Building] INFO  o.e.m.c.i.embedder.EclipseLogger - Copying 0 resource
2022-07-20 00:59:25,146 [Worker-44: Building] WARN  o.e.m.c.i.embedder.EclipseLogger - Using platform encoding (Cp1254 actually) to copy filtered resources, i.e. build is platform dependent!
2022-07-20 00:59:25,171 [Worker-44: Building] INFO  o.e.m.c.i.embedder.EclipseLogger - Copying 0 resource
2022-07-20 01:10:21,856 [Worker-44: Building] WARN  o.e.m.c.i.embedder.EclipseLogger - Using platform encoding (Cp1254 actually) to copy filtered resources, i.e. build is platform dependent!
2022-07-20 01:10:21,858 [Worker-44: Building] INFO  o.e.m.c.i.embedder.EclipseLogger - Copying 0 resource
2022-07-20 01:10:21,859 [Worker-44: Building] WARN  o.e.m.c.i.embedder.EclipseLogger - Using platform encoding (Cp1254 actually) to copy filtered resources, i.e. build is platform dependent!
2022-07-20 01:10:21,862 [Worker-44: Building] INFO  o.e.m.c.i.embedder.EclipseLogger - Copying 0 resource
2022-07-20 01:11:52,444 [Worker-49: Building] WARN  o.e.m.c.i.embedder.EclipseLogger - Using platform encoding (Cp1254 actually) to copy filtered resources, i.e. build is platform dependent!
2022-07-20 01:11:52,474 [Worker-49: Building] INFO  o.e.m.c.i.embedder.EclipseLogger - Copying 0 resource
2022-07-20 01:11:52,477 [Worker-49: Building] WARN  o.e.m.c.i.embedder.EclipseLogger - Using platform encoding (Cp1254 actually) to copy filtered resources, i.e. build is platform dependent!
2022-07-20 01:11:52,480 [Worker-49: Building] INFO  o.e.m.c.i.embedder.EclipseLogger - Copying 0 resource
2022-07-20 01:12:33,359 [Worker-49: Building] WARN  o.e.m.c.i.embedder.EclipseLogger - Using platform encoding (Cp1254 actually) to copy filtered resources, i.e. build is platform dependent!
2022-07-20 01:12:33,361 [Worker-49: Building] INFO  o.e.m.c.i.embedder.EclipseLogger - Copying 0 resource
2022-07-20 01:12:33,364 [Worker-49: Building] WARN  o.e.m.c.i.embedder.EclipseLogger - Using platform encoding (Cp1254 actually) to copy filtered resources, i.e. build is platform dependent!
2022-07-20 01:12:33,367 [Worker-49: Building] INFO  o.e.m.c.i.embedder.EclipseLogger - Copying 0 resource
2022-07-20 01:24:32,987 [Worker-52: Building] WARN  o.e.m.c.i.embedder.EclipseLogger - Using platform encoding (Cp1254 actually) to copy filtered resources, i.e. build is platform dependent!
2022-07-20 01:24:32,990 [Worker-52: Building] INFO  o.e.m.c.i.embedder.EclipseLogger - Copying 1 resource
2022-07-20 01:24:33,003 [Worker-52: Building] WARN  o.e.m.c.i.embedder.EclipseLogger - Using platform encoding (Cp1254 actually) to copy filtered resources, i.e. build is platform dependent!
2022-07-20 01:24:33,005 [Worker-52: Building] INFO  o.e.m.c.i.embedder.EclipseLogger - Copying 0 resource
2022-07-20 01:26:05,348 [Worker-51: Building] WARN  o.e.m.c.i.embedder.EclipseLogger - Using platform encoding (Cp1254 actually) to copy filtered resources, i.e. build is platform dependent!
2022-07-20 01:26:05,358 [Worker-51: Building] INFO  o.e.m.c.i.embedder.EclipseLogger - Copying 0 resource
2022-07-20 01:26:05,360 [Worker-51: Building] WARN  o.e.m.c.i.embedder.EclipseLogger - Using platform encoding (Cp1254 actually) to copy filtered resources, i.e. build is platform dependent!
2022-07-20 01:26:05,364 [Worker-51: Building] INFO  o.e.m.c.i.embedder.EclipseLogger - Copying 0 resource
2022-07-20 01:27:10,513 [Worker-52: Building] WARN  o.e.m.c.i.embedder.EclipseLogger - Using platform encoding (Cp1254 actually) to copy filtered resources, i.e. build is platform dependent!
2022-07-20 01:27:10,515 [Worker-52: Building] INFO  o.e.m.c.i.embedder.EclipseLogger - Copying 0 resource
2022-07-20 01:27:10,516 [Worker-52: Building] WARN  o.e.m.c.i.embedder.EclipseLogger - Using platform encoding (Cp1254 actually) to copy filtered resources, i.e. build is platform dependent!
2022-07-20 01:27:10,519 [Worker-52: Building] INFO  o.e.m.c.i.embedder.EclipseLogger - Copying 0 resource
2022-07-20 01:28:38,752 [Worker-54: Building] WARN  o.e.m.c.i.embedder.EclipseLogger - Using platform encoding (Cp1254 actually) to copy filtered resources, i.e. build is platform dependent!
2022-07-20 01:28:38,786 [Worker-54: Building] INFO  o.e.m.c.i.embedder.EclipseLogger - Copying 0 resource
2022-07-20 01:28:38,788 [Worker-54: Building] WARN  o.e.m.c.i.embedder.EclipseLogger - Using platform encoding (Cp1254 actually) to copy filtered resources, i.e. build is platform dependent!
2022-07-20 01:28:38,790 [Worker-54: Building] INFO  o.e.m.c.i.embedder.EclipseLogger - Copying 0 resource
2022-07-20 01:29:40,605 [Worker-52: Building] WARN  o.e.m.c.i.embedder.EclipseLogger - Using platform encoding (Cp1254 actually) to copy filtered resources, i.e. build is platform dependent!
2022-07-20 01:29:40,607 [Worker-52: Building] INFO  o.e.m.c.i.embedder.EclipseLogger - Copying 0 resource
2022-07-20 01:29:40,609 [Worker-52: Building] WARN  o.e.m.c.i.embedder.EclipseLogger - Using platform encoding (Cp1254 actually) to copy filtered resources, i.e. build is platform dependent!
2022-07-20 01:29:40,611 [Worker-52: Building] INFO  o.e.m.c.i.embedder.EclipseLogger - Copying 0 resource
2022-07-20 01:33:05,542 [Worker-54: Building] WARN  o.e.m.c.i.embedder.EclipseLogger - Using platform encoding (Cp1254 actually) to copy filtered resources, i.e. build is platform dependent!
2022-07-20 01:33:05,544 [Worker-54: Building] INFO  o.e.m.c.i.embedder.EclipseLogger - Copying 0 resource
2022-07-20 01:33:05,545 [Worker-54: Building] WARN  o.e.m.c.i.embedder.EclipseLogger - Using platform encoding (Cp1254 actually) to copy filtered resources, i.e. build is platform dependent!
2022-07-20 01:33:05,547 [Worker-54: Building] INFO  o.e.m.c.i.embedder.EclipseLogger - Copying 0 resource
2022-07-20 01:50:30,635 [Worker-56: Building] WARN  o.e.m.c.i.embedder.EclipseLogger - Using platform encoding (Cp1254 actually) to copy filtered resources, i.e. build is platform dependent!
2022-07-20 01:50:30,638 [Worker-56: Building] INFO  o.e.m.c.i.embedder.EclipseLogger - Copying 0 resource
2022-07-20 01:50:30,640 [Worker-56: Building] WARN  o.e.m.c.i.embedder.EclipseLogger - Using platform encoding (Cp1254 actually) to copy filtered resources, i.e. build is platform dependent!
2022-07-20 01:50:30,644 [Worker-56: Building] INFO  o.e.m.c.i.embedder.EclipseLogger - Copying 0 resource
2022-07-20 14:21:55,139 [Worker-64: Building] WARN  o.e.m.c.i.embedder.EclipseLogger - Using platform encoding (Cp1254 actually) to copy filtered resources, i.e. build is platform dependent!
2022-07-20 14:21:55,150 [Worker-64: Building] INFO  o.e.m.c.i.embedder.EclipseLogger - Copying 0 resource
2022-07-20 14:21:55,152 [Worker-64: Building] WARN  o.e.m.c.i.embedder.EclipseLogger - Using platform encoding (Cp1254 actually) to copy filtered resources, i.e. build is platform dependent!
2022-07-20 14:21:55,155 [Worker-64: Building] INFO  o.e.m.c.i.embedder.EclipseLogger - Copying 0 resource
2022-07-20 14:28:54,574 [Worker-68: Building] WARN  o.e.m.c.i.embedder.EclipseLogger - Using platform encoding (Cp1254 actually) to copy filtered resources, i.e. build is platform dependent!
2022-07-20 14:28:54,576 [Worker-68: Building] INFO  o.e.m.c.i.embedder.EclipseLogger - Copying 0 resource
2022-07-20 14:28:54,578 [Worker-68: Building] WARN  o.e.m.c.i.embedder.EclipseLogger - Using platform encoding (Cp1254 actually) to copy filtered resources, i.e. build is platform dependent!
2022-07-20 14:28:54,580 [Worker-68: Building] INFO  o.e.m.c.i.embedder.EclipseLogger - Copying 0 resource
2022-07-20 14:29:02,370 [Worker-68: Building] WARN  o.e.m.c.i.embedder.EclipseLogger - Using platform encoding (Cp1254 actually) to copy filtered resources, i.e. build is platform dependent!
2022-07-20 14:29:02,372 [Worker-68: Building] INFO  o.e.m.c.i.embedder.EclipseLogger - Copying 0 resource
2022-07-20 14:29:02,374 [Worker-68: Building] WARN  o.e.m.c.i.embedder.EclipseLogger - Using platform encoding (Cp1254 actually) to copy filtered resources, i.e. build is platform dependent!
2022-07-20 14:29:02,377 [Worker-68: Building] INFO  o.e.m.c.i.embedder.EclipseLogger - Copying 0 resource
2022-07-20 15:30:12,217 [Worker-72: Building] WARN  o.e.m.c.i.embedder.EclipseLogger - Using platform encoding (Cp1254 actually) to copy filtered resources, i.e. build is platform dependent!
2022-07-20 15:30:12,237 [Worker-72: Building] INFO  o.e.m.c.i.embedder.EclipseLogger - Copying 0 resource
2022-07-20 15:30:12,239 [Worker-72: Building] WARN  o.e.m.c.i.embedder.EclipseLogger - Using platform encoding (Cp1254 actually) to copy filtered resources, i.e. build is platform dependent!
2022-07-20 15:30:12,241 [Worker-72: Building] INFO  o.e.m.c.i.embedder.EclipseLogger - Copying 0 resource
2022-07-20 15:41:01,327 [Worker-72: Building] WARN  o.e.m.c.i.embedder.EclipseLogger - Using platform encoding (Cp1254 actually) to copy filtered resources, i.e. build is platform dependent!
2022-07-20 15:41:01,330 [Worker-72: Building] INFO  o.e.m.c.i.embedder.EclipseLogger - Copying 0 resource
2022-07-20 15:41:01,331 [Worker-72: Building] WARN  o.e.m.c.i.embedder.EclipseLogger - Using platform encoding (Cp1254 actually) to copy filtered resources, i.e. build is platform dependent!
2022-07-20 15:41:01,334 [Worker-72: Building] INFO  o.e.m.c.i.embedder.EclipseLogger - Copying 0 resource
2022-07-20 15:49:48,669 [Worker-78: Building] WARN  o.e.m.c.i.embedder.EclipseLogger - Using platform encoding (Cp1254 actually) to copy filtered resources, i.e. build is platform dependent!
2022-07-20 15:49:48,671 [Worker-78: Building] INFO  o.e.m.c.i.embedder.EclipseLogger - Copying 0 resource
2022-07-20 15:49:48,672 [Worker-78: Building] WARN  o.e.m.c.i.embedder.EclipseLogger - Using platform encoding (Cp1254 actually) to copy filtered resources, i.e. build is platform dependent!
2022-07-20 15:49:48,675 [Worker-78: Building] INFO  o.e.m.c.i.embedder.EclipseLogger - Copying 0 resource
2022-07-20 16:03:30,074 [Worker-82: Building] WARN  o.e.m.c.i.embedder.EclipseLogger - Using platform encoding (Cp1254 actually) to copy filtered resources, i.e. build is platform dependent!
2022-07-20 16:03:30,076 [Worker-82: Building] INFO  o.e.m.c.i.embedder.EclipseLogger - Copying 0 resource
2022-07-20 16:03:30,078 [Worker-82: Building] WARN  o.e.m.c.i.embedder.EclipseLogger - Using platform encoding (Cp1254 actually) to copy filtered resources, i.e. build is platform dependent!
2022-07-20 16:03:30,081 [Worker-82: Building] INFO  o.e.m.c.i.embedder.EclipseLogger - Copying 0 resource
2022-07-20 16:06:22,440 [Worker-80: Building] WARN  o.e.m.c.i.embedder.EclipseLogger - Using platform encoding (Cp1254 actually) to copy filtered resources, i.e. build is platform dependent!
2022-07-20 16:06:22,444 [Worker-80: Building] INFO  o.e.m.c.i.embedder.EclipseLogger - Copying 0 resource
2022-07-20 16:06:22,445 [Worker-80: Building] WARN  o.e.m.c.i.embedder.EclipseLogger - Using platform encoding (Cp1254 actually) to copy filtered resources, i.e. build is platform dependent!
2022-07-20 16:06:22,459 [Worker-80: Building] INFO  o.e.m.c.i.embedder.EclipseLogger - Copying 0 resource
2022-07-20 16:07:01,454 [Worker-83: Building] WARN  o.e.m.c.i.embedder.EclipseLogger - Using platform encoding (Cp1254 actually) to copy filtered resources, i.e. build is platform dependent!
2022-07-20 16:07:01,459 [Worker-83: Building] INFO  o.e.m.c.i.embedder.EclipseLogger - Copying 0 resource
2022-07-20 16:07:01,462 [Worker-83: Building] WARN  o.e.m.c.i.embedder.EclipseLogger - Using platform encoding (Cp1254 actually) to copy filtered resources, i.e. build is platform dependent!
2022-07-20 16:07:01,465 [Worker-83: Building] INFO  o.e.m.c.i.embedder.EclipseLogger - Copying 0 resource
2022-07-20 16:09:25,316 [Worker-80: Building] WARN  o.e.m.c.i.embedder.EclipseLogger - Using platform encoding (Cp1254 actually) to copy filtered resources, i.e. build is platform dependent!
2022-07-20 16:09:25,318 [Worker-80: Building] INFO  o.e.m.c.i.embedder.EclipseLogger - Copying 1 resource
2022-07-20 16:09:25,351 [Worker-80: Building] WARN  o.e.m.c.i.embedder.EclipseLogger - Using platform encoding (Cp1254 actually) to copy filtered resources, i.e. build is platform dependent!
2022-07-20 16:09:25,353 [Worker-80: Building] INFO  o.e.m.c.i.embedder.EclipseLogger - Copying 0 resource
2022-07-20 22:19:50,083 [Worker-0: Loading available Gradle versions] INFO  o.e.b.c.i.u.g.PublishedGradleVersions - Gradle version information cache is up-to-date. Trying to read.
2022-07-20 22:24:42,665 [Worker-8: Building] WARN  o.e.m.c.i.embedder.EclipseLogger - Using platform encoding (Cp1254 actually) to copy filtered resources, i.e. build is platform dependent!
2022-07-20 22:24:42,688 [Worker-8: Building] INFO  o.e.m.c.i.embedder.EclipseLogger - Copying 1 resource
2022-07-20 22:24:42,700 [Worker-8: Building] WARN  o.e.m.c.i.embedder.EclipseLogger - Using platform encoding (Cp1254 actually) to copy filtered resources, i.e. build is platform dependent!
2022-07-20 22:24:42,701 [Worker-8: Building] INFO  o.e.m.c.i.embedder.EclipseLogger - Copying 0 resource
2022-07-20 22:24:43,037 [Worker-4: Building] WARN  o.e.m.c.i.embedder.EclipseLogger - Using platform encoding (Cp1254 actually) to copy filtered resources, i.e. build is platform dependent!
2022-07-20 22:24:43,068 [Worker-4: Building] INFO  o.e.m.c.i.embedder.EclipseLogger - Copying 1 resource
2022-07-20 22:24:43,080 [Worker-4: Building] WARN  o.e.m.c.i.embedder.EclipseLogger - Using platform encoding (Cp1254 actually) to copy filtered resources, i.e. build is platform dependent!
2022-07-20 22:24:43,097 [Worker-4: Building] INFO  o.e.m.c.i.embedder.EclipseLogger - Copying 0 resource
